[2022-04-04 21:08:19,713] [requests] [INFO] {
    "code": 200,
    "data": [
        {
            "created": 1648722569285,
            "duration": 3628,
            "end": 1648722566000,
            "guests": [
                {
                    "created": 1640337319700,
                    "desc": "\u4e0a\u6d77\u777f\u90e1\u8d44\u4ea7\u7ba1\u7406\u6709\u9650\u516c\u53f8\u7531\u4e24\u5bb6\u77e5\u540d\u57fa\u91d1\u7ba1\u7406\u516c\u53f8\u9ad8\u7ba1\u8054\u5408\u521b\u4e1a\uff0c\u575a\u6301\u5728\u4e3b\u52a8\u7ba1\u7406\u9886\u57df\u7684\u6838\u5fc3\u7ade\u4e89\u529b\uff0c\u5e76\u654f\u9510\u628a\u63e1\u5404\u7c7b\u91d1\u878d\u521b\u65b0\u673a\u4f1a\uff0c\u81f4\u529b\u4e8e\u4e3a\u5ba2\u6237\u5b9e\u73b0\u8d44\u4ea7\u7684\u957f\u671f\u7a33\u5b9a\u589e\u503c\u3002",
                    "following": false,
                    "headPic": "https://xavatar.imedao.com/community/20207/1598324958451-1598325006480.png!180x180.png",
                    "id": 956,
                    "name": "\u777f\u90e1\u8d44\u4ea7",
                    "showCount": 3,
                    "sort": 0,
                    "state": 0,
                    "title": "\u777f\u90e1\u8d44\u4ea7\u5b98\u65b9\u8d26\u53f7",
                    "updated": 1648722934453,
                    "userId": 7952885281
                }
            ],
            "id": 14078,
            "picUrl": "https://xqimg.imedao.com/17fde40fc6c5ad33fe543de6.png",
            "playBackId": "387702298439668000",
            "showUrl": "https://xueqiu.com/video/387702298439668000",
            "start": 1648718938000,
            "state": 2,
            "statusUrl": "https://xueqiu.com/video/387702298439668000/215834272",
            "subject": "\u70ed\u70b9",
            "subjectId": 2,
            "symbol": "",
            "title": "\u777f\u90e1\u4e0b\u5348\u8336\u2014\u627f\u975e\u804a\u5e02\u573a",
            "top": 0,
            "tradeProduct": "[{\"type\":\"2\",\"code\":\"P001015\",\"front_name\":\"\u777f\u90e15\u53f7B\"},{\"type\":\"2\",\"code\":\"P001027\",\"front_name\":\"\u777f\u90e15\u53f75\u671f\"}]",
            "type": 0,
            "updated": 1648722937316
        },
        {
            "created": 1648722714902,
            "duration": 5417,
            "end": 1648722710000,
            "guests": [
                {
                    "created": 1611748963704,
                    "desc": "\u516c\u79c1\u52df\u57fa\u91d113\u5e74\u4ece\u4e1a\u7684\u4e0d\u6cb9\u817b\u8fbe\u53d4\n\n\n\n\u8d22\u5bcc\u7ba1\u7406,\u57fa\u91d1\u662f\u4e3b\u529b\u3002\n\u57fa\u91d1\u884c\u4e1a\u662f\u6709\u8da3\u7684\u3001\u503c\u5f97\u7422\u78e8\u7684\u3002\n\u5728\u8fd9\u884c\u5e72\u4e86\u5341\u51e0\u5e74\uff0c\u6709\u4e9b\u771f\u5b9e\u7684\u8ba4\u77e5\u548c\u60f3\u6cd5\u60f3\u8ddf\u5927\u5bb6\u505a\u63a2\u8ba8\u3002\n\u4ec5\u4ee3\u8868\u4e2a\u4eba\u89c2\u70b9\uff0c\u6b22\u8fce\u62cd\u7816\uff0c\u7279\u522b\u662f\u75db\u62cd\uff01",
                    "following": false,
                    "headPic": "https://xavatar.imedao.com/community/202011/1608605791804-1608605791925.jpeg!50x50.png",
                    "id": 490,
                    "name": "\u8fbe\u767d\u8bdd",
                    "showCount": 4,
                    "sort": 0,
                    "state": 0,
                    "title": "\u7528\u6237\u5df2\u5b8c\u6210\u5b9e\u540d\u8eab\u4efd\u8ba4\u8bc1",
                    "updated": 1648778050748,
                    "userId": 1538061111
                }
            ],
            "id": 14079,
            "picUrl": "https://xqimg.imedao.com/17fabfac32b60b93fe8440dc.png",
            "playBackId": "387702298438606022",
            "showUrl": "https://xueqiu.com/video/387702298438606022",
            "start": 1648717293000,
            "state": 2,
            "statusUrl": "https://xueqiu.com/video/387702298438606022/215831323",
            "subject": "\u70ed\u70b9",
            "subjectId": 2,
            "symbol": "",
            "title": "\u9884\u6d4b\u4e0e\u5e94\u5bf9",
            "top": 0,
            "tradeProduct": "",
            "type": 0,
            "updated": 1648778285759
        }
    ],
    "message": "success",
    "success": true
}
[2022-04-04 21:08:19,714] [requests] [INFO] [956]
[2022-04-05 20:49:45,413] [requests] [INFO] {
    "code": 200,
    "data": [
        {
            "created": 1648722569285,
            "duration": 3628,
            "end": 1648722566000,
            "guests": [
                {
                    "created": 1640337319700,
                    "desc": "\u4e0a\u6d77\u777f\u90e1\u8d44\u4ea7\u7ba1\u7406\u6709\u9650\u516c\u53f8\u7531\u4e24\u5bb6\u77e5\u540d\u57fa\u91d1\u7ba1\u7406\u516c\u53f8\u9ad8\u7ba1\u8054\u5408\u521b\u4e1a\uff0c\u575a\u6301\u5728\u4e3b\u52a8\u7ba1\u7406\u9886\u57df\u7684\u6838\u5fc3\u7ade\u4e89\u529b\uff0c\u5e76\u654f\u9510\u628a\u63e1\u5404\u7c7b\u91d1\u878d\u521b\u65b0\u673a\u4f1a\uff0c\u81f4\u529b\u4e8e\u4e3a\u5ba2\u6237\u5b9e\u73b0\u8d44\u4ea7\u7684\u957f\u671f\u7a33\u5b9a\u589e\u503c\u3002",
                    "following": false,
                    "headPic": "https://xavatar.imedao.com/community/20207/1598324958451-1598325006480.png!180x180.png",
                    "id": 956,
                    "name": "\u777f\u90e1\u8d44\u4ea7",
                    "showCount": 3,
                    "sort": 0,
                    "state": 0,
                    "title": "\u777f\u90e1\u8d44\u4ea7\u5b98\u65b9\u8d26\u53f7",
                    "updated": 1648722934453,
                    "userId": 7952885281
                }
            ],
            "id": 14078,
            "picUrl": "https://xqimg.imedao.com/17fde40fc6c5ad33fe543de6.png",
            "playBackId": "387702298439668000",
            "showUrl": "https://xueqiu.com/video/387702298439668000",
            "start": 1648718938000,
            "state": 2,
            "statusUrl": "https://xueqiu.com/video/387702298439668000/215834272",
            "subject": "\u70ed\u70b9",
            "subjectId": 2,
            "symbol": "",
            "title": "\u777f\u90e1\u4e0b\u5348\u8336\u2014\u627f\u975e\u804a\u5e02\u573a",
            "top": 0,
            "tradeProduct": "[{\"type\":\"2\",\"code\":\"P001015\",\"front_name\":\"\u777f\u90e15\u53f7B\"},{\"type\":\"2\",\"code\":\"P001027\",\"front_name\":\"\u777f\u90e15\u53f75\u671f\"}]",
            "type": 0,
            "updated": 1648722937316
        },
        {
            "created": 1648722714902,
            "duration": 5417,
            "end": 1648722710000,
            "guests": [
                {
                    "created": 1611748963704,
                    "desc": "\u516c\u79c1\u52df\u57fa\u91d113\u5e74\u4ece\u4e1a\u7684\u4e0d\u6cb9\u817b\u8fbe\u53d4\n\n\n\n\u8d22\u5bcc\u7ba1\u7406,\u57fa\u91d1\u662f\u4e3b\u529b\u3002\n\u57fa\u91d1\u884c\u4e1a\u662f\u6709\u8da3\u7684\u3001\u503c\u5f97\u7422\u78e8\u7684\u3002\n\u5728\u8fd9\u884c\u5e72\u4e86\u5341\u51e0\u5e74\uff0c\u6709\u4e9b\u771f\u5b9e\u7684\u8ba4\u77e5\u548c\u60f3\u6cd5\u60f3\u8ddf\u5927\u5bb6\u505a\u63a2\u8ba8\u3002\n\u4ec5\u4ee3\u8868\u4e2a\u4eba\u89c2\u70b9\uff0c\u6b22\u8fce\u62cd\u7816\uff0c\u7279\u522b\u662f\u75db\u62cd\uff01",
                    "following": false,
                    "headPic": "https://xavatar.imedao.com/community/202011/1608605791804-1608605791925.jpeg!50x50.png",
                    "id": 490,
                    "name": "\u8fbe\u767d\u8bdd",
                    "showCount": 4,
                    "sort": 0,
                    "state": 0,
                    "title": "\u7528\u6237\u5df2\u5b8c\u6210\u5b9e\u540d\u8eab\u4efd\u8ba4\u8bc1",
                    "updated": 1648778050748,
                    "userId": 1538061111
                }
            ],
            "id": 14079,
            "picUrl": "https://xqimg.imedao.com/17fabfac32b60b93fe8440dc.png",
            "playBackId": "387702298438606022",
            "showUrl": "https://xueqiu.com/video/387702298438606022",
            "start": 1648717293000,
            "state": 2,
            "statusUrl": "https://xueqiu.com/video/387702298438606022/215831323",
            "subject": "\u70ed\u70b9",
            "subjectId": 2,
            "symbol": "",
            "title": "\u9884\u6d4b\u4e0e\u5e94\u5bf9",
            "top": 0,
            "tradeProduct": "",
            "type": 0,
            "updated": 1648778285759
        }
    ],
    "message": "success",
    "success": true
}
[2022-04-05 20:49:45,414] [requests] [INFO] [956]
[2022-04-05 20:49:45,415] [requests] [INFO] ['î£¿¤×Ê²ú']
